{
  "started_at": "2026-05-09T22:34:36.338129+00:00",
  "counts_before": {
    "auth.users": 132,
    "core.profiles": 132,
    "core.workspaces": 137,
    "core.workspace_members": 137,
    "core.usage_events": 0,
    "core.usage_aggregates": 0,
    "core.quotas": 0,
    "content.canonical_zettels": 203,
    "content.canonical_chunks": 255,
    "content.workspace_zettels": 197,
    "content.workspace_chunk_membership": 252,
    "kg.kg_nodes": 17,
    "kg.kg_edges": 0,
    "kg.kg_node_aliases": 2,
    "kg.chunk_node_mentions": 29,
    "rag.kastens": 56,
    "rag.kasten_zettels": 115,
    "rag.kasten_members": 0,
    "rag.chat_sessions": 2,
    "rag.chat_messages": 4,
    "rag.retrieval_signal_weights": 1,
    "pipelines.pipeline_runs": 0,
    "pipelines.pipeline_run_items": 0,
    "pipelines.nexus_provider_tokens": 0,
    "billing.pricing_plan_entitlements": 0,
    "billing.pricing_subscriptions": 0,
    "public.kg_users": 3,
    "public.kg_nodes": 7,
    "public.kg_links": 0,
    "public.kg_node_chunks": 0,
    "public.rag_sandboxes": 0,
    "public.rag_sandbox_members": 0,
    "public.chat_sessions": 0,
    "public.chat_messages": 0
  },
  "counts_after_wipe": {
    "auth.users": 0,
    "core.profiles": 0,
    "core.workspaces": 0,
    "core.workspace_members": 0,
    "core.usage_events": 0,
    "core.usage_aggregates": 0,
    "core.quotas": 0,
    "content.canonical_zettels": 0,
    "content.canonical_chunks": 0,
    "content.workspace_zettels": 0,
    "content.workspace_chunk_membership": 0,
    "kg.kg_nodes": 0,
    "kg.kg_edges": 0,
    "kg.kg_node_aliases": 0,
    "kg.chunk_node_mentions": 0,
    "rag.kastens": 0,
    "rag.kasten_zettels": 0,
    "rag.kasten_members": 0,
    "rag.chat_sessions": 0,
    "rag.chat_messages": 0,
    "rag.retrieval_signal_weights": 0,
    "pipelines.pipeline_runs": 0,
    "pipelines.pipeline_run_items": 0,
    "pipelines.nexus_provider_tokens": 0,
    "billing.pricing_plan_entitlements": 0,
    "billing.pricing_subscriptions": 0,
    "public.kg_users": 0,
    "public.kg_nodes": 0,
    "public.kg_links": 0,
    "public.kg_node_chunks": 0,
    "public.rag_sandboxes": 0,
    "public.rag_sandbox_members": 0,
    "public.chat_sessions": 0,
    "public.chat_messages": 0
  },
  "workspaces": {
    "naruto@zettelkasten.local": "fc336067-87e9-409f-b15e-bbd960c02050",
    "zoro@zettelkasten.test": "bacb4a4f-f892-4159-85fd-715980f3d108"
  },
  "backfill": {
    "legacy_nodes_total": 7,
    "unique_by_url": 3,
    "canonical_inserted": 3,
    "workspace_zettels_inserted": 3,
    "skipped_no_url": 0
  },
  "counts_after": {
    "auth.users": 2,
    "core.profiles": 2,
    "core.workspaces": 2,
    "core.workspace_members": 2,
    "core.usage_events": 0,
    "core.usage_aggregates": 0,
    "core.quotas": 0,
    "content.canonical_zettels": 3,
    "content.canonical_chunks": 0,
    "content.workspace_zettels": 3,
    "content.workspace_chunk_membership": 0,
    "kg.kg_nodes": 0,
    "kg.kg_edges": 0,
    "kg.kg_node_aliases": 0,
    "kg.chunk_node_mentions": 0,
    "rag.kastens": 0,
    "rag.kasten_zettels": 0,
    "rag.kasten_members": 0,
    "rag.chat_sessions": 0,
    "rag.chat_messages": 0,
    "rag.retrieval_signal_weights": 0,
    "pipelines.pipeline_runs": 0,
    "pipelines.pipeline_run_items": 0,
    "pipelines.nexus_provider_tokens": 0,
    "billing.pricing_plan_entitlements": 0,
    "billing.pricing_subscriptions": 0,
    "public.kg_users": 0,
    "public.kg_nodes": 0,
    "public.kg_links": 0,
    "public.kg_node_chunks": 0,
    "public.rag_sandboxes": 0,
    "public.rag_sandbox_members": 0,
    "public.chat_sessions": 0,
    "public.chat_messages": 0
  },
  "login_verification": [
    "OK   naruto@zettelkasten.local uid=f2105544-b73d-4946-8329-096d82f070d3 jwt_len=874",
    "OK   zoro@zettelkasten.test uid=a57e1f2f-7d89-4cd7-ae39-72c440ed4b4e jwt_len=867"
  ],
  "finished_at": "2026-05-09T22:34:44.130212+00:00"
}